[debug] [2025-08-14T15:10:39.505Z] ----------------------------------------------------------------------
[debug] [2025-08-14T15:10:39.507Z] Command:       D:\NodeJS\node.exe C:\Users\Devas IPASON\AppData\Roaming\npm\node_modules\firebase-tools\lib\bin\firebase.js init
[debug] [2025-08-14T15:10:39.507Z] CLI Version:   14.12.0
[debug] [2025-08-14T15:10:39.507Z] Platform:      win32
[debug] [2025-08-14T15:10:39.507Z] Node Version:  v22.17.0
[debug] [2025-08-14T15:10:39.508Z] Time:          Thu Aug 14 2025 22:10:39 GMT+0700 (Indochina Time)
[debug] [2025-08-14T15:10:39.508Z] ----------------------------------------------------------------------
[debug] 
[debug] [2025-08-14T15:10:39.647Z] > command requires scopes: ["email","openid","https://www.googleapis.com/auth/cloudplatformprojects.readonly","https://www.googleapis.com/auth/firebase","https://www.googleapis.com/auth/cloud-platform"]
[debug] [2025-08-14T15:10:39.648Z] > authorizing via signed-in user (kropgerken@gmail.com)
[info] 
     ######## #### ########  ######## ########     ###     ######  ########
     ##        ##  ##     ## ##       ##     ##  ##   ##  ##       ##
     ######    ##  ########  ######   ########  #########  ######  ######
     ##        ##  ##    ##  ##       ##     ## ##     ##       ## ##
     ##       #### ##     ## ######## ########  ##     ##  ######  ########

You're about to initialize a Firebase project in this directory:

  D:\App\angular-coffee

Before we get started, keep in mind:

  * You are initializing within an existing Firebase project directory

[info] 
=== Project Setup
[info] 
[info] First, let's associate this project directory with a Firebase project.
[info] You can create multiple project aliases by running firebase use --add, 
[info] but for now we'll just set up a default project.
[info] 
[debug] [2025-08-14T15:10:45.109Z] Using project from CLI flag: coffee-advweb-midterm68-app
[debug] [2025-08-14T15:10:45.110Z] Checked if tokens are valid: true, expires at: 1755187031805
[debug] [2025-08-14T15:10:45.110Z] Checked if tokens are valid: true, expires at: 1755187031805
[debug] [2025-08-14T15:10:45.111Z] >>> [apiv2][query] GET https://firebase.googleapis.com/v1beta1/projects/coffee-advweb-midterm68-app [none]
[debug] [2025-08-14T15:10:45.716Z] <<< [apiv2][status] GET https://firebase.googleapis.com/v1beta1/projects/coffee-advweb-midterm68-app 200
[debug] [2025-08-14T15:10:45.716Z] <<< [apiv2][body] GET https://firebase.googleapis.com/v1beta1/projects/coffee-advweb-midterm68-app {"projectId":"coffee-advweb-midterm68-app","projectNumber":"434043230272","displayName":"Coffee-AdvWeb-Midterm68-app","name":"projects/coffee-advweb-midterm68-app","resources":{"hostingSite":"coffee-advweb-midterm68-app"},"state":"ACTIVE","etag":"1_4b02a643-474d-4d44-8136-df8ba450af41"}
[info] i  Using project coffee-advweb-midterm68-app (Coffee-AdvWeb-Midterm68-app) 
[info] 
=== Hosting Setup
[debug] [2025-08-14T15:10:45.724Z] Checked if tokens are valid: true, expires at: 1755187031805
[debug] [2025-08-14T15:10:45.724Z] Checked if tokens are valid: true, expires at: 1755187031805
[debug] [2025-08-14T15:10:45.724Z] >>> [apiv2][query] GET https://firebase.googleapis.com/v1beta1/projects/coffee-advweb-midterm68-app [none]
[debug] [2025-08-14T15:10:46.075Z] <<< [apiv2][status] GET https://firebase.googleapis.com/v1beta1/projects/coffee-advweb-midterm68-app 200
[debug] [2025-08-14T15:10:46.075Z] <<< [apiv2][body] GET https://firebase.googleapis.com/v1beta1/projects/coffee-advweb-midterm68-app {"projectId":"coffee-advweb-midterm68-app","projectNumber":"434043230272","displayName":"Coffee-AdvWeb-Midterm68-app","name":"projects/coffee-advweb-midterm68-app","resources":{"hostingSite":"coffee-advweb-midterm68-app"},"state":"ACTIVE","etag":"1_4b02a643-474d-4d44-8136-df8ba450af41"}
[info] 
[info] Your public directory is the folder (relative to your project directory) that
[info] will contain Hosting assets to be uploaded with firebase deploy. If you
[info] have a build process for your assets, use your build's output directory.
[info] 
[debug] [2025-08-14T15:11:36.245Z] ExitPromptError: User force closed the prompt with SIGINT
    at Interface.sigint (C:\Users\Devas IPASON\AppData\Roaming\npm\node_modules\firebase-tools\node_modules\@inquirer\core\dist\commonjs\lib\create-prompt.js:101:37)
    at Interface.emit (node:events:518:28)
    at Interface.emit (node:domain:489:12)
    at [_ttyWrite] [as _ttyWrite] (node:internal/readline/interface:1132:18)
    at ReadStream.onkeypress (node:internal/readline/interface:271:20)
    at ReadStream.emit (node:events:530:35)
    at ReadStream.emit (node:domain:489:12)
    at emitKeys (node:internal/readline/utils:370:14)
    at emitKeys.next (<anonymous>)
    at ReadStream.onData (node:internal/readline/emitKeypressEvents:64:36)
[error] 
[error] Error: An unexpected error has occurred.
